[2024-06-14 12:19:20,430: INFO: main: >>>>>> stage Data Ingestion stage started <<<<<<]
[2024-06-14 12:19:20,430: INFO: data_ingestion: Entered the data ingestion method or component]
[2024-06-14 12:19:20,465: INFO: data_ingestion: Read the dataset as dataframe]
[2024-06-14 12:19:20,575: INFO: data_ingestion: Train test split initiated]
[2024-06-14 12:19:20,679: INFO: data_ingestion: Ingestion of the data is completed]
[2024-06-14 12:19:20,679: INFO: main: >>>>>> stage Data Ingestion stage completed <<<<<<

x==========x]
[2024-06-14 12:19:20,679: INFO: main: >>>>>> stage Data Transformation stage started <<<<<<]
[2024-06-14 12:19:20,729: INFO: data_transformation: Read train and test data completed]
[2024-06-14 12:19:20,729: INFO: data_transformation: Obtaining preprocessing object]
[2024-06-14 12:19:20,729: INFO: data_transformation: Categorical columns: ['drivername', 'location', 'constructorname', 'status']]
[2024-06-14 12:19:20,729: INFO: data_transformation: Numerical columns: ['grid', 'position', 'laps', 'fastestLap', 'rank', 'fastestLapSpeed', 'year', 'round', 'race_age']]
[2024-06-14 12:19:20,729: INFO: data_transformation: Applying preprocessing object on training dataframe and testing dataframe.]
[2024-06-14 12:19:20,839: INFO: data_transformation: Saved preprocessing object.]
[2024-06-14 12:19:20,839: INFO: main: >>>>>> stage Data Transformation stage completed <<<<<<

x==========x]
[2024-06-14 12:19:20,839: INFO: main: >>>>>> stage Model Training stage started <<<<<<]
[2024-06-14 12:19:20,839: INFO: model_trainer: Split training and test input data]
[2024-06-14 12:19:28,117: INFO: model_trainer: Best found model on both training and testing dataset]
[2024-06-14 12:19:28,117: INFO: main: >>>>>> stage Model Training stage completed <<<<<<

x==========x]
[2024-06-14 12:21:10,684: INFO: _internal: [31m[1mWARNING: This is a development server. Do not use it in a production deployment. Use a production WSGI server instead.[0m
 * Running on all addresses (0.0.0.0)
 * Running on http://127.0.0.1:5000
 * Running on http://192.168.1.148:5000]
[2024-06-14 12:21:10,685: INFO: _internal: [33mPress CTRL+C to quit[0m]
[2024-06-14 12:21:16,666: INFO: _internal: 127.0.0.1 - - [14/Jun/2024 12:21:16] "GET / HTTP/1.1" 200 -]
[2024-06-14 12:21:17,674: INFO: _internal: 127.0.0.1 - - [14/Jun/2024 12:21:17] "[33mGET /favicon.ico HTTP/1.1[0m" 404 -]
